Build started 23.5.2015 11:46:01.
     1>Project "C:\Users\Petri\Documents\Visual Studio 2013\Projects\Labyrintti\Labyrintti\Labyrintti.vcxproj" on node 2 (Build target(s)).
     1>ClCompile:
         C:\Program Files (x86)\Microsoft Visual Studio 12.0\VC\bin\CL.exe /c /ZI /nologo /W3 /WX- /sdl /Od /Oy- /D _MBCS /Gm /EHsc /RTC1 /MDd /GS /fp:precise /Zc:wchar_t /Zc:forScope /Fo"Debug\\" /Fd"Debug\vc120.pdb" /Gd /TP /analyze- /errorReport:prompt Game.cpp pelitehdas.cpp Piece.cpp Player.cpp valmiiden_toteutus\Alustaja.cc valmiiden_toteutus\alustusvirhe.cc valmiiden_toteutus\Bittikartta.cc valmiiden_toteutus\esiehtovirhe.cc valmiiden_toteutus\hyodykkeet.cc valmiiden_toteutus\invarianttivirhe.cc valmiiden_toteutus\jalkiehtovirhe.cc valmiiden_toteutus\komentotulkki.cc valmiiden_toteutus\komentovirhe.cc valmiiden_toteutus\koordinaatti.cc valmiiden_toteutus\labyrintti.cc valmiiden_toteutus\logiikkavirhe.cc valmiiden_toteutus\naytto.cc valmiiden_toteutus\nayttovirhe.cc valmiiden_toteutus\rakentaja.cc valmiiden_toteutus\toimintovirhe.cc valmiiden_toteutus\toteuttamaton_virhe.cc valmiiden_toteutus\vaittama.cc valmiiden_toteutus\vaittamavirhe.cc valmiiden_toteutus\virhe.cc
         virhe.cc
         vaittamavirhe.cc
         vaittama.cc
         toteuttamaton_virhe.cc
         toimintovirhe.cc
         rakentaja.cc
         nayttovirhe.cc
         naytto.cc
         logiikkavirhe.cc
         labyrintti.cc
         koordinaatti.cc
         komentovirhe.cc
         komentotulkki.cc
         jalkiehtovirhe.cc
         invarianttivirhe.cc
         hyodykkeet.cc
         esiehtovirhe.cc
         Bittikartta.cc
         alustusvirhe.cc
         Alustaja.cc
         Generating Code...
         Compiling...
         Player.cpp
         Piece.cpp
         pelitehdas.cpp
         Game.cpp
     1>c:\users\petri\documents\visual studio 2013\projects\labyrintti\labyrintti\game.cpp(43): warning C4018: '<' : signed/unsigned mismatch
     1>c:\users\petri\documents\visual studio 2013\projects\labyrintti\labyrintti\game.cpp(47): warning C4018: '<' : signed/unsigned mismatch
     1>c:\users\petri\documents\visual studio 2013\projects\labyrintti\labyrintti\game.cpp(152): warning C4018: '<' : signed/unsigned mismatch
     1>c:\users\petri\documents\visual studio 2013\projects\labyrintti\labyrintti\game.cpp(200): warning C4018: '<' : signed/unsigned mismatch
     1>c:\users\petri\documents\visual studio 2013\projects\labyrintti\labyrintti\game.cpp(280): warning C4018: '<' : signed/unsigned mismatch
     1>c:\users\petri\documents\visual studio 2013\projects\labyrintti\labyrintti\game.cpp(334): warning C4018: '>' : signed/unsigned mismatch
     1>c:\users\petri\documents\visual studio 2013\projects\labyrintti\labyrintti\game.cpp(352): warning C4018: '<' : signed/unsigned mismatch
     1>c:\users\petri\documents\visual studio 2013\projects\labyrintti\labyrintti\game.cpp(415): warning C4018: '>' : signed/unsigned mismatch
     1>c:\users\petri\documents\visual studio 2013\projects\labyrintti\labyrintti\game.cpp(433): warning C4018: '<' : signed/unsigned mismatch
     1>c:\users\petri\documents\visual studio 2013\projects\labyrintti\labyrintti\game.cpp(500): warning C4018: '<' : signed/unsigned mismatch
     1>c:\users\petri\documents\visual studio 2013\projects\labyrintti\labyrintti\game.cpp(620): warning C4018: '<=' : signed/unsigned mismatch
     1>c:\users\petri\documents\visual studio 2013\projects\labyrintti\labyrintti\game.cpp(659): warning C4018: '<=' : signed/unsigned mismatch
     1>c:\users\petri\documents\visual studio 2013\projects\labyrintti\labyrintti\game.cpp(697): warning C4244: 'argument' : conversion from 'time_t' to 'unsigned int', possible loss of data
         Generating Code...
     1>c:\users\petri\documents\visual studio 2013\projects\labyrintti\labyrintti\game.cpp(709): warning C4715: 'Game::randomDirection' : not all control paths return a value
       Link:
         C:\Program Files (x86)\Microsoft Visual Studio 12.0\VC\bin\link.exe /ERRORREPORT:PROMPT /OUT:"C:\Users\Petri\Documents\Visual Studio 2013\Projects\Labyrintti\Debug\Labyrintti.exe" /INCREMENTAL /NOLOGO kernel32.lib user32.lib gdi32.lib winspool.lib comdlg32.lib advapi32.lib shell32.lib ole32.lib oleaut32.lib uuid.lib odbc32.lib odbccp32.lib /MANIFEST /MANIFESTUAC:"level='asInvoker' uiAccess='false'" /manifest:embed /DEBUG /PDB:"C:\Users\Petri\Documents\Visual Studio 2013\Projects\Labyrintti\Debug\Labyrintti.pdb" /TLBID:1 /DYNAMICBASE /NXCOMPAT /IMPLIB:"C:\Users\Petri\Documents\Visual Studio 2013\Projects\Labyrintti\Debug\Labyrintti.lib" /MACHINE:X86 Debug\Game.obj
         Debug\pelitehdas.obj
         Debug\Piece.obj
         Debug\Player.obj
         Debug\Alustaja.obj
         Debug\alustusvirhe.obj
         Debug\Bittikartta.obj
         Debug\esiehtovirhe.obj
         Debug\hyodykkeet.obj
         Debug\invarianttivirhe.obj
         Debug\jalkiehtovirhe.obj
         Debug\komentotulkki.obj
         Debug\komentovirhe.obj
         Debug\koordinaatti.obj
         Debug\labyrintti.obj
         Debug\logiikkavirhe.obj
         Debug\naytto.obj
         Debug\nayttovirhe.obj
         Debug\rakentaja.obj
         Debug\toimintovirhe.obj
         Debug\toteuttamaton_virhe.obj
         Debug\vaittama.obj
         Debug\vaittamavirhe.obj
         Debug\virhe.obj
         Labyrintti.vcxproj -> C:\Users\Petri\Documents\Visual Studio 2013\Projects\Labyrintti\Debug\Labyrintti.exe
     1>Done Building Project "C:\Users\Petri\Documents\Visual Studio 2013\Projects\Labyrintti\Labyrintti\Labyrintti.vcxproj" (Build target(s)).

Build succeeded.

Time Elapsed 00:00:11.73
