+--++..++..++--++--+     
.0.|.......|.....2..     
..f|......e|..i.....     
+..++--++--++--++--+     
+..++..++..++--++..+     
|......|...|....|...     
|.d...b|...|..a.|...     
+..++..++--++..++--+     
+..++..++--++--++--+     
....|..|.......||...     
..g.|.j|.......||...     
+--++..++--++..++..+     
+--++..++--++..++..+     
............|......|     
..c...k...l.|.....h|     
+..++--++--++--++..+     
+..++..++--++--++..+     
|1.|...|.........3.|     
|..|...|...........|     
+..++--++--++..++--+     
                          
0 Spartacus: b** |  (-)
1 Batiatus: i** |  (-)
2 Glaber: a** |  (-)
3 Crassus: f** |  (-)
                          
+..+ +--+ +..+ +--+      
|..| .... |..| ....      
|..| .... |..| ....      
+..+ +--+ +..+ +--+      
0 Spartacus>tyonna 1 o 2
+--++..++..++--++--+     
.0.|.......|.....2..     
..f|......e|..i.....     
+..++--++--++--++--+     
+..++..++--++..++..+     
...|...|....|...|..|     
..b|...|..a.|...|..|     
+..++--++..++--++..+     
+..++..++--++--++--+     
....|..|.......||...     
..g.|.j|.......||...     
+--++..++--++..++..+     
+--++..++--++..++..+     
............|......|     
..c...k...l.|.....h|     
+..++--++--++--++..+     
+..++..++--++--++..+     
|1.|...|.........3.|     
|..|...|...........|     
+..++--++--++..++--+     
                          
0 Spartacus: b** |  (-)
1 Batiatus: i** |  (-)
2 Glaber: a** |  (-)
3 Crassus: f** |  (-)
                          
+--+ +..+ +..+ +..+      
.... ...| .... |...      
..d. ..d| ..d. |.d.      
+..+ +..+ +--+ +..+      
0 Spartacus>liiku a 1
Pelaaja 0 Spartacus poimi esineen b
+--++..++..++--++--+     
...|.......|.....2..     
..f|......e|..i.....     
+..++--++--++--++--+     
+..++..++--++..++..+     
.0.|...|....|...|..|     
...|...|..a.|...|..|     
+..++--++..++--++..+     
+..++..++--++--++--+     
....|..|.......||...     
..g.|.j|.......||...     
+--++..++--++..++..+     
+--++..++--++..++..+     
............|......|     
..c...k...l.|.....h|     
+..++--++--++--++..+     
+..++..++--++--++..+     
|1.|...|.........3.|     
|..|...|...........|     
+..++--++--++..++--+     
                          
0 Spartacus: c* | b (liiku a 1)
1 Batiatus: i** |  (-)
2 Glaber: a** |  (-)
3 Crassus: f** |  (-)
                          
+--+ +..+ +..+ +..+      
.... ...| .... |...      
..d. ..d| ..d. |.d.      
+..+ +..+ +--+ +..+      
1 Batiatus>
+--++..++..++--++--+     
...|.......|.....2..     
..f|......e|..i.....     
+..++--++--++--++--+     
+..++..++--++..++..+     
.0.|...|....|...|..|     
...|...|..a.|...|..|     
+..++--++..++--++..+     
+..++..++--++--++--+     
....|..|.......||...     
..g.|.j|.......||...     
+--++..++--++..++..+     
+--++..++--++..++..+     
.1..........|......|     
..c...k...l.|.....h|     
+..++--++--++--++..+     
+..++..++--++--++..+     
|..|...|.........3.|     
|..|...|...........|     
+..++--++--++..++--+     
                          
0 Spartacus: c* | b (liiku a 1)
1 Batiatus: i** |  (liiku y 1)
2 Glaber: a** |  (-)
3 Crassus: f** |  (-)
                          
+--+ +..+ +..+ +..+      
.... ...| .... |...      
..d. ..d| ..d. |.d.      
+..+ +..+ +--+ +..+      
2 Glaber>
Pelaaja 2 Glaber astui erikoispalaan, jonka tyyppi on siunattu
+--++..++..++--++--+     
...|.......|.2......     
..f|......e|..i.....     
+..++--++--++--++--+     
+..++..++--++..++..+     
.0.|...|....|...|..|     
...|...|..a.|...|..|     
+..++--++..++--++..+     
+..++..++--++--++--+     
....|..|.......||...     
..g.|.j|.......||...     
+--++..++--++..++..+     
+--++..++--++..++..+     
.1..........|......|     
..c...k...l.|.....h|     
+..++--++--++--++..+     
+..++..++--++--++..+     
|..|...|.........3.|     
|..|...|...........|     
+..++--++--++..++--+     
                          
0 Spartacus: c* | b (liiku a 1)
1 Batiatus: i** |  (liiku y 1)
2 Glaber: a** |  (liiku v 1)
3 Crassus: f** |  (-)
                          
+--+ +..+ +..+ +..+      
.... ...| .... |...      
..d. ..d| ..d. |.d.      
+..+ +..+ +--+ +..+      
2 Glaber>
+--++..++..++--++--+     
...|.......|.2......     
..f|......e|..i.....     
+..++--++--++--++--+     
+..++..++--++..++..+     
.0.|...|....|...|..|     
...|...|..a.|...|..|     
+..++--++..++--++..+     
+..++..++--++--++--+     
....|..|.......||...     
..g.|.j|.......||...     
+--++..++--++..++..+     
+--++..++--++..++..+     
.1..........|......|     
..c...k...l.|.....h|     
+..++--++--++--++..+     
+..++..++--++--++..+     
|..|...|.........3.|     
|..|...|...........|     
+..++--++--++..++--+     
                          
0 Spartacus: c* | b (liiku a 1)
1 Batiatus: i** |  (liiku y 1)
2 Glaber: a** |  (-)
3 Crassus: f** |  (-)
                          
+--+ +..+ +..+ +..+      
.... ...| .... |...      
..d. ..d| ..d. |.d.      
+..+ +..+ +--+ +..+      
3 Crassus>
+--++..++..++--++--+     
...|.......|.2......     
..f|......e|..i.....     
+..++--++--++--++--+     
+..++..++--++..++..+     
.0.|...|....|...|..|     
...|...|..a.|...|..|     
+..++--++..++--++..+     
+..++..++--++--++--+     
....|..|.......||...     
..g.|.j|.......||...     
+--++..++--++..++..+     
+--++..++--++..++..+     
.1..........|......|     
..c...k...l.|.....h|     
+..++--++--++--++..+     
+..++..++--++--++..+     
|..|...|.3.........|     
|..|...|...........|     
+..++--++--++..++--+     
                          
0 Spartacus: c* | b (liiku a 1)
1 Batiatus: i** |  (liiku y 1)
2 Glaber: a** |  (-)
3 Crassus: f** |  (liiku v 2)
                          
+--+ +..+ +..+ +..+      
.... ...| .... |...      
..d. ..d| ..d. |.d.      
+..+ +..+ +--+ +..+      
0 Spartacus>tyonna 1 o 4
+--++..++..++--++--+     
...|.......|.2......     
..f|......e|..i.....     
+..++--++--++--++--+     
+..++..++--++..++..+     
.0.|...|....|...|..|     
...|...|..a.|...|..|     
+..++--++..++--++..+     
+..++..++--++--++--+     
....|..|.......||...     
..g.|.j|.......||...     
+--++..++--++..++..+     
+..++--++..++..++--+     
........|......|.1..     
..k...l.|.....h|..d.     
+--++--++--++..++..+     
+..++..++--++--++..+     
|..|...|.3.........|     
|..|...|...........|     
+..++--++--++..++--+     
                          
0 Spartacus: c* | b (liiku a 1)
1 Batiatus: i** |  (liiku y 1)
2 Glaber: a** |  (-)
3 Crassus: f** |  (liiku v 2)
                          
+--+ +..+ +..+ +..+      
.... ...| .... |...      
..c. ..c| ..c. |.c.      
+..+ +..+ +--+ +..+      
0 Spartacus>paikallaan
+--++..++..++--++--+     
...|.......|.2......     
..f|......e|..i.....     
+..++--++--++--++--+     
+..++..++--++..++..+     
.0.|...|....|...|..|     
...|...|..a.|...|..|     
+..++--++..++--++..+     
+..++..++--++--++--+     
....|..|.......||...     
..g.|.j|.......||...     
+--++..++--++..++..+     
+..++--++..++..++--+     
........|......|.1..     
..k...l.|.....h|..d.     
+--++--++--++..++..+     
+..++..++--++--++..+     
|..|...|.3.........|     
|..|...|...........|     
+..++--++--++..++--+     
                          
0 Spartacus: c* | b (paikallaan)
1 Batiatus: i** |  (liiku y 1)
2 Glaber: a** |  (-)
3 Crassus: f** |  (liiku v 2)
                          
+--+ +..+ +..+ +..+      
.... ...| .... |...      
..c. ..c| ..c. |.c.      
+..+ +..+ +--+ +..+      
1 Batiatus>
+--++..++..++--++--+     
...|.......|.2......     
..f|......e|..i.....     
+..++--++--++--++--+     
+..++..++--++..++..+     
.0.|...|....|...|..|     
...|...|..a.|...|..|     
+..++--++..++--++..+     
+..++..++--++--++--+     
....|..|.......||...     
..g.|.j|.......||...     
+--++..++--++..++..+     
+..++--++..++..++--+     
........|......|.1..     
..k...l.|.....h|..d.     
+--++--++--++..++..+     
+..++..++--++--++..+     
|..|...|.3.........|     
|..|...|...........|     
+..++--++--++..++--+     
                          
0 Spartacus: c* | b (paikallaan)
1 Batiatus: i** |  (-)
2 Glaber: a** |  (-)
3 Crassus: f** |  (liiku v 2)
                          
+--+ +..+ +..+ +..+      
.... ...| .... |...      
..c. ..c| ..c. |.c.      
+..+ +..+ +--+ +..+      
2 Glaber>
+--++..++..++--++--+     
...|.......|.2......     
..f|......e|..i.....     
+..++--++--++--++--+     
+..++..++--++..++..+     
.0.|...|....|...|..|     
...|...|..a.|...|..|     
+..++--++..++--++..+     
+..++..++--++--++--+     
....|..|.......||...     
..g.|.j|.......||...     
+--++..++--++..++..+     
+..++--++..++..++--+     
........|......|.1..     
..k...l.|.....h|..d.     
+--++--++--++..++..+     
+..++..++--++--++..+     
|..|...|.3.........|     
|..|...|...........|     
+..++--++--++..++--+     
                          
0 Spartacus: c* | b (paikallaan)
1 Batiatus: i** |  (-)
2 Glaber: a** |  (-)
3 Crassus: f** |  (liiku v 2)
                          
+--+ +..+ +..+ +..+      
.... ...| .... |...      
..c. ..c| ..c. |.c.      
+..+ +..+ +--+ +..+      
3 Crassus>
+--++..++..++--++--+     
...|.......|.2......     
..f|......e|..i.....     
+..++--++--++--++--+     
+..++..++--++..++..+     
.0.|...|....|...|..|     
...|...|..a.|...|..|     
+..++--++..++--++..+     
+..++..++--++--++--+     
....|..|.......||...     
..g.|.j|.......||...     
+--++..++--++..++..+     
+..++--++..++..++--+     
........|......|.1..     
..k...l.|.....h|..d.     
+--++--++--++..++..+     
+..++..++--++--++..+     
|..|...|.3.........|     
|..|...|...........|     
+..++--++--++..++--+     
                          
0 Spartacus: c* | b (paikallaan)
1 Batiatus: i** |  (-)
2 Glaber: a** |  (-)
3 Crassus: f** |  (-)
                          
+--+ +..+ +..+ +..+      
.... ...| .... |...      
..c. ..c| ..c. |.c.      
+..+ +..+ +--+ +..+      
0 Spartacus>tyonna 2 v 3
+--++..++..++--++--+     
...|.......|.2......     
..f|......e|..i.....     
+..++--++--++--++--+     
+..++..++--++..++..+     
.0.|...|....|...|..|     
...|...|..a.|...|..|     
+..++--++..++--++..+     
+..++..++..++--++--+     
...|....|..|.......|     
..c|..g.|.j|.......|     
+..++--++..++--++..+     
+..++--++..++..++--+     
........|......|.1..     
..k...l.|.....h|..d.     
+--++--++--++..++..+     
+..++..++--++--++..+     
|..|...|.3.........|     
|..|...|...........|     
+..++--++--++..++--+     
                          
0 Spartacus: c* | b (paikallaan)
1 Batiatus: i** |  (-)
2 Glaber: a** |  (-)
3 Crassus: f** |  (-)
                          
+..+ +--+ +--+ +..+      
|... |... ...| ...|      
|... |... ...| ...|      
+--+ +..+ +..+ +--+      
0 Spartacus>liiku a 1
Pelaaja 0 Spartacus poimi esineen c
+--++..++..++--++--+     
...|.......|.2......     
..f|......e|..i.....     
+..++--++--++--++--+     
+..++..++--++..++..+     
...|...|....|...|..|     
...|...|..a.|...|..|     
+..++--++..++--++..+     
+..++..++..++--++--+     
.0.|....|..|.......|     
...|..g.|.j|.......|     
+..++--++..++--++..+     
+..++--++..++..++--+     
........|......|.1..     
..k...l.|.....h|..d.     
+--++--++--++..++..+     
+..++..++--++--++..+     
|..|...|.3.........|     
|..|...|...........|     
+..++--++--++..++--+     
                          
0 Spartacus: h | bc (liiku a 1)
1 Batiatus: i** |  (-)
2 Glaber: a** |  (-)
3 Crassus: f** |  (-)
                          
+..+ +--+ +--+ +..+      
|... |... ...| ...|      
|... |... ...| ...|      
+--+ +..+ +..+ +--+      
1 Batiatus>
+--++..++..++--++--+     
...|.......|.2......     
..f|......e|..i.....     
+..++--++--++--++--+     
+..++..++--++..++..+     
...|...|....|...|..|     
...|...|..a.|...|..|     
+..++--++..++--++..+     
+..++..++..++--++--+     
.0.|....|..|.......|     
...|..g.|.j|.......|     
+..++--++..++--++..+     
+..++--++..++..++--+     
........|......|.1..     
..k...l.|.....h|..d.     
+--++--++--++..++..+     
+..++..++--++--++..+     
|..|...|.3.........|     
|..|...|...........|     
+..++--++--++..++--+     
                          
0 Spartacus: h | bc (liiku a 1)
1 Batiatus: i** |  (-)
2 Glaber: a** |  (-)
3 Crassus: f** |  (-)
                          
+..+ +--+ +--+ +..+      
|... |... ...| ...|      
|... |... ...| ...|      
+--+ +..+ +..+ +--+      
2 Glaber>
+--++..++..++--++--+     
...|.......|.2......     
..f|......e|..i.....     
+..++--++--++--++--+     
+..++..++--++..++..+     
...|...|....|...|..|     
...|...|..a.|...|..|     
+..++--++..++--++..+     
+..++..++..++--++--+     
.0.|....|..|.......|     
...|..g.|.j|.......|     
+..++--++..++--++..+     
+..++--++..++..++--+     
........|......|.1..     
..k...l.|.....h|..d.     
+--++--++--++..++..+     
+..++..++--++--++..+     
|..|...|.3.........|     
|..|...|...........|     
+..++--++--++..++--+     
                          
0 Spartacus: h | bc (liiku a 1)
1 Batiatus: i** |  (-)
2 Glaber: a** |  (-)
3 Crassus: f** |  (-)
                          
+..+ +--+ +--+ +..+      
|... |... ...| ...|      
|... |... ...| ...|      
+--+ +..+ +..+ +--+      
3 Crassus>
+--++..++..++--++--+     
...|.......|.2......     
..f|......e|..i.....     
+..++--++--++--++--+     
+..++..++--++..++..+     
...|...|....|...|..|     
...|...|..a.|...|..|     
+..++--++..++--++..+     
+..++..++..++--++--+     
.0.|....|..|.......|     
...|..g.|.j|.......|     
+..++--++..++--++..+     
+..++--++..++..++--+     
........|......|.1..     
..k...l.|.....h|..d.     
+--++--++--++..++..+     
+..++..++--++--++..+     
|..|...|.3.........|     
|..|...|...........|     
+..++--++--++..++--+     
                          
0 Spartacus: h | bc (liiku a 1)
1 Batiatus: i** |  (-)
2 Glaber: a** |  (-)
3 Crassus: f** |  (-)
                          
+..+ +--+ +--+ +..+      
|... |... ...| ...|      
|... |... ...| ...|      
+--+ +..+ +..+ +--+      
0 Spartacus>tyonna 1 o 4
+--++..++..++--++--+     
...|.......|.2......     
..f|......e|..i.....     
+..++--++--++--++--+     
+..++..++--++..++..+     
...|...|....|...|..|     
...|...|..a.|...|..|     
+..++--++..++--++..+     
+..++..++..++--++--+     
.0.|....|..|.......|     
...|..g.|.j|.......|     
+..++--++..++--++..+     
+--++..++..++--++..+     
....|......|.1..|...     
..l.|.....h|..d.|...     
+--++--++..++..++--+     
+..++..++--++--++..+     
|..|...|.3.........|     
|..|...|...........|     
+..++--++--++..++--+     
                          
0 Spartacus: h | bc (liiku a 1)
1 Batiatus: i** |  (-)
2 Glaber: a** |  (-)
3 Crassus: f** |  (-)
                          
+--+ +..+ +..+ +..+      
.... ...| .... |...      
..k. ..k| ..k. |.k.      
+..+ +..+ +--+ +..+      
0 Spartacus>paikallaan
+--++..++..++--++--+     
...|.......|.2......     
..f|......e|..i.....     
+..++--++--++--++--+     
+..++..++--++..++..+     
...|...|....|...|..|     
...|...|..a.|...|..|     
+..++--++..++--++..+     
+..++..++..++--++--+     
.0.|....|..|.......|     
...|..g.|.j|.......|     
+..++--++..++--++..+     
+--++..++..++--++..+     
....|......|.1..|...     
..l.|.....h|..d.|...     
+--++--++..++..++--+     
+..++..++--++--++..+     
|..|...|.3.........|     
|..|...|...........|     
+..++--++--++..++--+     
                          
0 Spartacus: h | bc (paikallaan)
1 Batiatus: i** |  (-)
2 Glaber: a** |  (-)
3 Crassus: f** |  (-)
                          
+--+ +..+ +..+ +..+      
.... ...| .... |...      
..k. ..k| ..k. |.k.      
+..+ +..+ +--+ +..+      
1 Batiatus>
+--++..++..++--++--+     
...|.......|.2......     
..f|......e|..i.....     
+..++--++--++--++--+     
+..++..++--++..++..+     
...|...|....|...|..|     
...|...|..a.|...|..|     
+..++--++..++--++..+     
+..++..++..++--++--+     
.0.|....|..|.......|     
...|..g.|.j|.......|     
+..++--++..++--++..+     
+--++..++..++--++..+     
....|......|.1..|...     
..l.|.....h|..d.|...     
+--++--++..++..++--+     
+..++..++--++--++..+     
|..|...|.3.........|     
|..|...|...........|     
+..++--++--++..++--+     
                          
0 Spartacus: h | bc (paikallaan)
1 Batiatus: i** |  (-)
2 Glaber: a** |  (-)
3 Crassus: f** |  (-)
                          
+--+ +..+ +..+ +..+      
.... ...| .... |...      
..k. ..k| ..k. |.k.      
+..+ +..+ +--+ +..+      
2 Glaber>
+--++..++..++--++--+     
...|.......|.2......     
..f|......e|..i.....     
+..++--++--++--++--+     
+..++..++--++..++..+     
...|...|....|...|..|     
...|...|..a.|...|..|     
+..++--++..++--++..+     
+..++..++..++--++--+     
.0.|....|..|.......|     
...|..g.|.j|.......|     
+..++--++..++--++..+     
+--++..++..++--++..+     
....|......|.1..|...     
..l.|.....h|..d.|...     
+--++--++..++..++--+     
+..++..++--++--++..+     
|..|...|.3.........|     
|..|...|...........|     
+..++--++--++..++--+     
                          
0 Spartacus: h | bc (paikallaan)
1 Batiatus: i** |  (-)
2 Glaber: a** |  (-)
3 Crassus: f** |  (-)
                          
+--+ +..+ +..+ +..+      
.... ...| .... |...      
..k. ..k| ..k. |.k.      
+..+ +..+ +--+ +..+      
3 Crassus>
+--++..++..++--++--+     
...|.......|.2......     
..f|......e|..i.....     
+..++--++--++--++--+     
+..++..++--++..++..+     
...|...|....|...|..|     
...|...|..a.|...|..|     
+..++--++..++--++..+     
+..++..++..++--++--+     
.0.|....|..|.......|     
...|..g.|.j|.......|     
+..++--++..++--++..+     
+--++..++..++--++..+     
....|......|.1..|...     
..l.|.....h|..d.|...     
+--++--++..++..++--+     
+..++..++--++--++..+     
|..|...|.3.........|     
|..|...|...........|     
+..++--++--++..++--+     
                          
0 Spartacus: h | bc (paikallaan)
1 Batiatus: i** |  (-)
2 Glaber: a** |  (-)
3 Crassus: f** |  (-)
                          
+--+ +..+ +..+ +..+      
.... ...| .... |...      
..k. ..k| ..k. |.k.      
+..+ +..+ +--+ +..+      
0 Spartacus>tyonna 1 o 4
+--++..++..++--++--+     
...|.......|.2......     
..f|......e|..i.....     
+..++--++--++--++--+     
+..++..++--++..++..+     
...|...|....|...|..|     
...|...|..a.|...|..|     
+..++--++..++--++..+     
+..++..++..++--++--+     
.0.|....|..|.......|     
...|..g.|.j|.......|     
+..++--++..++--++..+     
+..++..++--++..++--+     
|......|.1..|.......     
|.....h|..d.|.....k.     
+--++..++..++--++..+     
+..++..++--++--++..+     
|..|...|.3.........|     
|..|...|...........|     
+..++--++--++..++--+     
                          
0 Spartacus: h | bc (paikallaan)
1 Batiatus: i** |  (-)
2 Glaber: a** |  (-)
3 Crassus: f** |  (-)
                          
+..+ +--+ +..+ +--+      
|..| .... |..| ....      
|.l| ..l. |.l| ..l.      
+..+ +--+ +..+ +--+      
0 Spartacus>liiku a 1
+--++..++..++--++--+     
...|.......|.2......     
..f|......e|..i.....     
+..++--++--++--++--+     
+..++..++--++..++..+     
...|...|....|...|..|     
...|...|..a.|...|..|     
+..++--++..++--++..+     
+..++..++..++--++--+     
...|....|..|.......|     
...|..g.|.j|.......|     
+..++--++..++--++..+     
+..++..++--++..++--+     
|0.....|.1..|.......     
|.....h|..d.|.....k.     
+--++..++..++--++..+     
+..++..++--++--++..+     
|..|...|.3.........|     
|..|...|...........|     
+..++--++--++..++--+     
                          
0 Spartacus: h | bc (liiku a 1)
1 Batiatus: i** |  (-)
2 Glaber: a** |  (-)
3 Crassus: f** |  (-)
                          
+..+ +--+ +..+ +--+      
|..| .... |..| ....      
|.l| ..l. |.l| ..l.      
+..+ +--+ +..+ +--+      
1 Batiatus>
+--++..++..++--++--+     
...|.......|.2......     
..f|......e|..i.....     
+..++--++--++--++--+     
+..++..++--++..++..+     
...|...|....|...|..|     
...|...|..a.|...|..|     
+..++--++..++--++..+     
+..++..++..++--++--+     
...|....|..|.......|     
...|..g.|.j|.......|     
+..++--++..++--++..+     
+..++..++--++..++--+     
|0.....|.1..|.......     
|.....h|..d.|.....k.     
+--++..++..++--++..+     
+..++..++--++--++..+     
|..|...|.3.........|     
|..|...|...........|     
+..++--++--++..++--+     
                          
0 Spartacus: h | bc (liiku a 1)
1 Batiatus: i** |  (-)
2 Glaber: a** |  (-)
3 Crassus: f** |  (-)
                          
+..+ +--+ +..+ +--+      
|..| .... |..| ....      
|.l| ..l. |.l| ..l.      
+..+ +--+ +..+ +--+      
2 Glaber>
+--++..++..++--++--+     
...|.......|.2......     
..f|......e|..i.....     
+..++--++--++--++--+     
+..++..++--++..++..+     
...|...|....|...|..|     
...|...|..a.|...|..|     
+..++--++..++--++..+     
+..++..++..++--++--+     
...|....|..|.......|     
...|..g.|.j|.......|     
+..++--++..++--++..+     
+..++..++--++..++--+     
|0.....|.1..|.......     
|.....h|..d.|.....k.     
+--++..++..++--++..+     
+..++..++--++--++..+     
|..|...|.3.........|     
|..|...|...........|     
+..++--++--++..++--+     
                          
0 Spartacus: h | bc (liiku a 1)
1 Batiatus: i** |  (-)
2 Glaber: a** |  (-)
3 Crassus: f** |  (-)
                          
+..+ +--+ +..+ +--+      
|..| .... |..| ....      
|.l| ..l. |.l| ..l.      
+..+ +--+ +..+ +--+      
3 Crassus>
+--++..++..++--++--+     
...|.......|.2......     
..f|......e|..i.....     
+..++--++--++--++--+     
+..++..++--++..++..+     
...|...|....|...|..|     
...|...|..a.|...|..|     
+..++--++..++--++..+     
+..++..++..++--++--+     
...|....|..|.......|     
...|..g.|.j|.......|     
+..++--++..++--++..+     
+..++..++--++..++--+     
|0.....|.1..|.......     
|.....h|..d.|.....k.     
+--++..++..++--++..+     
+..++..++--++--++..+     
|..|...|.3.........|     
|..|...|...........|     
+..++--++--++..++--+     
                          
0 Spartacus: h | bc (liiku a 1)
1 Batiatus: i** |  (-)
2 Glaber: a** |  (-)
3 Crassus: f** |  (-)
                          
+..+ +--+ +..+ +--+      
|..| .... |..| ....      
|.l| ..l. |.l| ..l.      
+..+ +--+ +..+ +--+      
0 Spartacus>tyonna 1 v 1
+..++--++..++..++--+     
|..|...|.......|.2..     
|.l|..f|......e|..i.     
+..++..++--++--++--+     
+..++..++--++..++..+     
...|...|....|...|..|     
...|...|..a.|...|..|     
+..++--++..++--++..+     
+..++..++..++--++--+     
...|....|..|.......|     
...|..g.|.j|.......|     
+..++--++..++--++..+     
+..++..++--++..++--+     
|0.....|.1..|.......     
|.....h|..d.|.....k.     
+--++..++..++--++..+     
+..++..++--++--++..+     
|..|...|.3.........|     
|..|...|...........|     
+..++--++--++..++--+     
                          
0 Spartacus: h | bc (liiku a 1)
1 Batiatus: i** |  (-)
2 Glaber: a** |  (-)
3 Crassus: f** |  (-)
                          
+..+ +--+ +..+ +--+      
|..| .... |..| ....      
|..| .... |..| ....      
+..+ +--+ +..+ +--+      
0 Spartacus>liiku o 1
Pelaaja 0 Spartacus poimi esineen h
+..++--++..++..++--+     
|..|...|.......|.2..     
|.l|..f|......e|..i.     
+..++..++--++--++--+     
+..++..++--++..++..+     
...|...|....|...|..|     
...|...|..a.|...|..|     
+..++--++..++--++..+     
+..++..++..++--++--+     
...|....|..|.......|     
...|..g.|.j|.......|     
+..++--++..++--++..+     
+..++..++--++..++--+     
|....0.|.1..|.......     
|......|..d.|.....k.     
+--++..++..++--++..+     
+..++..++--++--++..+     
|..|...|.3.........|     
|..|...|...........|     
+..++--++--++..++--+     
                          
0 Spartacus:  | bch (liiku o 1)
1 Batiatus: i** |  (-)
2 Glaber: a** |  (-)
3 Crassus: f** |  (-)
                          
+..+ +--+ +..+ +--+      
|..| .... |..| ....      
|..| .... |..| ....      
+..+ +--+ +..+ +--+      
Pelin voitti 0 Spartacus
